build/app/intermediates/manifest_merge_blame_file/debug/manifest-merger-blame-debug-report.txt
1<?xml version="1.0" encoding="utf-8"?>
2<manifest xmlns:android="http://schemas.android.com/apk/res/android"
3    package="com.example.instagram_clone"
4    android:versionCode="1"
5    android:versionName="1.0.0" >
6
7    <uses-sdk
8        android:minSdkVersion="19"
9        android:targetSdkVersion="30" />
10    <!--
11         Flutter needs it to communicate with the running application
12         to allow setting breakpoints, to provide hot reload, etc.
13    -->
14    <uses-permission android:name="android.permission.INTERNET" />
14-->src/debug/AndroidManifest.xml:6:5-66
14-->src/debug/AndroidManifest.xml:6:22-64
15    <uses-permission android:name="android.permission.ACCESS_NETWORK_STATE" />
15-->[com.google.firebase:firebase-auth:21.1.0] AndroidManifest.xml:24:5-79
15-->[com.google.firebase:firebase-auth:21.1.0] AndroidManifest.xml:24:22-76
16
17    <application
17-->src/main/AndroidManifest.xml:3:4-40:19
18        android:name="androidx.multidex.MultiDexApplication"
19        android:appComponentFactory="androidx.core.app.CoreComponentFactory"
19-->[androidx.core:core:1.8.0] AndroidManifest.xml:24:18-86
20        android:debuggable="true"
21        android:icon="@mipmap/ic_launcher"
21-->src/main/AndroidManifest.xml:5:9-43
22        android:label="instagram_clone" >
22-->src/main/AndroidManifest.xml:4:9-40
23        <activity
23-->src/main/AndroidManifest.xml:6:9-34:20
24            android:name="com.example.instagram_clone.MainActivity"
24-->src/main/AndroidManifest.xml:7:13-41
25            android:configChanges="orientation|keyboardHidden|keyboard|screenSize|smallestScreenSize|locale|layoutDirection|fontScale|screenLayout|density|uiMode"
25-->src/main/AndroidManifest.xml:10:13-163
26            android:hardwareAccelerated="true"
26-->src/main/AndroidManifest.xml:11:13-47
27            android:launchMode="singleTop"
27-->src/main/AndroidManifest.xml:8:13-43
28            android:theme="@style/LaunchTheme"
28-->src/main/AndroidManifest.xml:9:13-47
29            android:windowSoftInputMode="adjustResize" >
29-->src/main/AndroidManifest.xml:12:13-55
30
31            <!--
32                 Specifies an Android theme to apply to this Activity as soon as
33                 the Android process has started. This theme is visible to the user
34                 while the Flutter UI initializes. After that, this theme continues
35                 to determine the Window background behind the Flutter UI.
36            -->
37            <meta-data
37-->src/main/AndroidManifest.xml:17:13-20:17
38                android:name="io.flutter.embedding.android.NormalTheme"
38-->src/main/AndroidManifest.xml:18:15-70
39                android:resource="@style/NormalTheme" />
39-->src/main/AndroidManifest.xml:19:15-52
40            <!--
41                 Displays an Android View that continues showing the launch screen
42                 Drawable until Flutter paints its first frame, then this splash
43                 screen fades out. A splash screen is useful to avoid any visual
44                 gap between the end of Android's launch screen and the painting of
45                 Flutter's first frame.
46            -->
47            <meta-data
47-->src/main/AndroidManifest.xml:26:13-29:17
48                android:name="io.flutter.embedding.android.SplashScreenDrawable"
48-->src/main/AndroidManifest.xml:27:15-79
49                android:resource="@drawable/launch_background" />
49-->src/main/AndroidManifest.xml:28:15-61
50
51            <intent-filter>
51-->src/main/AndroidManifest.xml:30:13-33:29
52                <action android:name="android.intent.action.MAIN" />
52-->src/main/AndroidManifest.xml:31:17-68
52-->src/main/AndroidManifest.xml:31:25-66
53
54                <category android:name="android.intent.category.LAUNCHER" />
54-->src/main/AndroidManifest.xml:32:17-76
54-->src/main/AndroidManifest.xml:32:27-74
55            </intent-filter>
56        </activity>
57        <!--
58             Don't delete the meta-data below.
59             This is used by the Flutter tool to generate GeneratedPluginRegistrant.java
60        -->
61        <meta-data
61-->src/main/AndroidManifest.xml:37:9-39:33
62            android:name="flutterEmbedding"
62-->src/main/AndroidManifest.xml:38:13-44
63            android:value="2" />
63-->src/main/AndroidManifest.xml:39:13-30
64
65        <service
65-->[:firebase_auth] AndroidManifest.xml:8:9-12:19
66            android:name="com.google.firebase.components.ComponentDiscoveryService"
66-->[:firebase_auth] AndroidManifest.xml:8:18-89
67            android:directBootAware="true"
67-->[com.google.firebase:firebase-common:20.2.0] AndroidManifest.xml:34:13-43
68            android:exported="false" >
68-->[com.google.firebase:firebase-perf:20.2.0] AndroidManifest.xml:21:13-37
69            <meta-data
69-->[:firebase_auth] AndroidManifest.xml:9:13-11:85
70                android:name="com.google.firebase.components:io.flutter.plugins.firebase.auth.FlutterFirebaseAuthRegistrar"
70-->[:firebase_auth] AndroidManifest.xml:10:17-124
71                android:value="com.google.firebase.components.ComponentRegistrar" />
71-->[:firebase_auth] AndroidManifest.xml:11:17-82
72            <meta-data
72-->[:firebase_storage] AndroidManifest.xml:9:13-11:85
73                android:name="com.google.firebase.components:io.flutter.plugins.firebase.storage.FlutterFirebaseAppRegistrar"
73-->[:firebase_storage] AndroidManifest.xml:10:17-126
74                android:value="com.google.firebase.components.ComponentRegistrar" />
74-->[:firebase_storage] AndroidManifest.xml:11:17-82
75            <meta-data
75-->[:cloud_firestore] AndroidManifest.xml:9:13-11:85
76                android:name="com.google.firebase.components:io.flutter.plugins.firebase.firestore.FlutterFirebaseFirestoreRegistrar"
76-->[:cloud_firestore] AndroidManifest.xml:10:17-134
77                android:value="com.google.firebase.components.ComponentRegistrar" />
77-->[:cloud_firestore] AndroidManifest.xml:11:17-82
78            <meta-data
78-->[:firebase_performance] AndroidManifest.xml:11:13-13:85
79                android:name="com.google.firebase.components:io.flutter.plugins.firebase.performance.FlutterFirebaseAppRegistrar"
79-->[:firebase_performance] AndroidManifest.xml:12:17-130
80                android:value="com.google.firebase.components.ComponentRegistrar" />
80-->[:firebase_performance] AndroidManifest.xml:13:17-82
81            <meta-data
81-->[:firebase_core] AndroidManifest.xml:9:13-11:85
82                android:name="com.google.firebase.components:io.flutter.plugins.firebase.core.FlutterFirebaseCoreRegistrar"
82-->[:firebase_core] AndroidManifest.xml:10:17-124
83                android:value="com.google.firebase.components.ComponentRegistrar" />
83-->[:firebase_core] AndroidManifest.xml:11:17-82
84            <meta-data
84-->[com.google.firebase:firebase-perf:20.2.0] AndroidManifest.xml:22:13-24:85
85                android:name="com.google.firebase.components:com.google.firebase.perf.FirebasePerfRegistrar"
85-->[com.google.firebase:firebase-perf:20.2.0] AndroidManifest.xml:23:17-109
86                android:value="com.google.firebase.components.ComponentRegistrar" />
86-->[com.google.firebase:firebase-perf:20.2.0] AndroidManifest.xml:24:17-82
87            <meta-data
87-->[com.google.firebase:firebase-auth:21.1.0] AndroidManifest.xml:67:13-69:85
88                android:name="com.google.firebase.components:com.google.firebase.auth.FirebaseAuthRegistrar"
88-->[com.google.firebase:firebase-auth:21.1.0] AndroidManifest.xml:68:17-109
89                android:value="com.google.firebase.components.ComponentRegistrar" />
89-->[com.google.firebase:firebase-auth:21.1.0] AndroidManifest.xml:69:17-82
90            <meta-data
90-->[com.google.firebase:firebase-firestore:24.4.0] AndroidManifest.xml:19:13-21:85
91                android:name="com.google.firebase.components:com.google.firebase.firestore.FirestoreRegistrar"
91-->[com.google.firebase:firebase-firestore:24.4.0] AndroidManifest.xml:20:17-111
92                android:value="com.google.firebase.components.ComponentRegistrar" />
92-->[com.google.firebase:firebase-firestore:24.4.0] AndroidManifest.xml:21:17-82
93            <meta-data
93-->[com.google.firebase:firebase-storage:20.1.0] AndroidManifest.xml:32:13-34:85
94                android:name="com.google.firebase.components:com.google.firebase.storage.StorageRegistrar"
94-->[com.google.firebase:firebase-storage:20.1.0] AndroidManifest.xml:33:17-107
95                android:value="com.google.firebase.components.ComponentRegistrar" />
95-->[com.google.firebase:firebase-storage:20.1.0] AndroidManifest.xml:34:17-82
96            <meta-data
96-->[com.google.firebase:firebase-datatransport:18.1.7] AndroidManifest.xml:27:13-29:85
97                android:name="com.google.firebase.components:com.google.firebase.datatransport.TransportRegistrar"
97-->[com.google.firebase:firebase-datatransport:18.1.7] AndroidManifest.xml:28:17-115
98                android:value="com.google.firebase.components.ComponentRegistrar" />
98-->[com.google.firebase:firebase-datatransport:18.1.7] AndroidManifest.xml:29:17-82
99            <meta-data
99-->[com.google.firebase:firebase-config:21.2.0] AndroidManifest.xml:31:13-33:85
100                android:name="com.google.firebase.components:com.google.firebase.remoteconfig.RemoteConfigRegistrar"
100-->[com.google.firebase:firebase-config:21.2.0] AndroidManifest.xml:32:17-117
101                android:value="com.google.firebase.components.ComponentRegistrar" />
101-->[com.google.firebase:firebase-config:21.2.0] AndroidManifest.xml:33:17-82
102            <meta-data
102-->[com.google.firebase:firebase-installations:17.1.0] AndroidManifest.xml:17:13-19:85
103                android:name="com.google.firebase.components:com.google.firebase.installations.FirebaseInstallationsRegistrar"
103-->[com.google.firebase:firebase-installations:17.1.0] AndroidManifest.xml:18:17-127
104                android:value="com.google.firebase.components.ComponentRegistrar" />
104-->[com.google.firebase:firebase-installations:17.1.0] AndroidManifest.xml:19:17-82
105            <meta-data
105-->[com.google.firebase:firebase-abt:21.0.2] AndroidManifest.xml:13:13-15:85
106                android:name="com.google.firebase.components:com.google.firebase.abt.component.AbtRegistrar"
106-->[com.google.firebase:firebase-abt:21.0.2] AndroidManifest.xml:14:17-109
107                android:value="com.google.firebase.components.ComponentRegistrar" />
107-->[com.google.firebase:firebase-abt:21.0.2] AndroidManifest.xml:15:17-82
108        </service>
109
110        <provider
110-->[:image_picker_android] AndroidManifest.xml:8:9-16:20
111            android:name="io.flutter.plugins.imagepicker.ImagePickerFileProvider"
111-->[:image_picker_android] AndroidManifest.xml:9:13-82
112            android:authorities="com.example.instagram_clone.flutter.image_provider"
112-->[:image_picker_android] AndroidManifest.xml:10:13-74
113            android:exported="false"
113-->[:image_picker_android] AndroidManifest.xml:11:13-37
114            android:grantUriPermissions="true" >
114-->[:image_picker_android] AndroidManifest.xml:12:13-47
115            <meta-data
115-->[:image_picker_android] AndroidManifest.xml:13:13-15:75
116                android:name="android.support.FILE_PROVIDER_PATHS"
116-->[:image_picker_android] AndroidManifest.xml:14:17-67
117                android:resource="@xml/flutter_image_picker_file_paths" />
117-->[:image_picker_android] AndroidManifest.xml:15:17-72
118        </provider>
119
120        <uses-library
120-->[androidx.window:window:1.0.0-beta04] AndroidManifest.xml:25:9-27:40
121            android:name="androidx.window.extensions"
121-->[androidx.window:window:1.0.0-beta04] AndroidManifest.xml:26:13-54
122            android:required="false" />
122-->[androidx.window:window:1.0.0-beta04] AndroidManifest.xml:27:13-37
123        <uses-library
123-->[androidx.window:window:1.0.0-beta04] AndroidManifest.xml:28:9-30:40
124            android:name="androidx.window.sidecar"
124-->[androidx.window:window:1.0.0-beta04] AndroidManifest.xml:29:13-51
125            android:required="false" />
125-->[androidx.window:window:1.0.0-beta04] AndroidManifest.xml:30:13-37
126
127        <provider
127-->[com.google.firebase:firebase-perf:20.2.0] AndroidManifest.xml:13:9-17:39
128            android:name="com.google.firebase.perf.provider.FirebasePerfProvider"
128-->[com.google.firebase:firebase-perf:20.2.0] AndroidManifest.xml:14:13-82
129            android:authorities="com.example.instagram_clone.firebaseperfprovider"
129-->[com.google.firebase:firebase-perf:20.2.0] AndroidManifest.xml:15:13-72
130            android:exported="false"
130-->[com.google.firebase:firebase-perf:20.2.0] AndroidManifest.xml:16:13-37
131            android:initOrder="101" />
131-->[com.google.firebase:firebase-perf:20.2.0] AndroidManifest.xml:17:13-36
132
133        <activity
133-->[com.google.firebase:firebase-auth:21.1.0] AndroidManifest.xml:27:9-44:20
134            android:name="com.google.firebase.auth.internal.GenericIdpActivity"
134-->[com.google.firebase:firebase-auth:21.1.0] AndroidManifest.xml:28:13-80
135            android:excludeFromRecents="true"
135-->[com.google.firebase:firebase-auth:21.1.0] AndroidManifest.xml:29:13-46
136            android:exported="true"
136-->[com.google.firebase:firebase-auth:21.1.0] AndroidManifest.xml:30:13-36
137            android:launchMode="singleTask"
137-->[com.google.firebase:firebase-auth:21.1.0] AndroidManifest.xml:31:13-44
138            android:theme="@android:style/Theme.Translucent.NoTitleBar" >
138-->[com.google.firebase:firebase-auth:21.1.0] AndroidManifest.xml:32:13-72
139            <intent-filter>
139-->[com.google.firebase:firebase-auth:21.1.0] AndroidManifest.xml:33:13-43:29
140                <action android:name="android.intent.action.VIEW" />
140-->[com.google.firebase:firebase-auth:21.1.0] AndroidManifest.xml:34:17-69
140-->[com.google.firebase:firebase-auth:21.1.0] AndroidManifest.xml:34:25-66
141
142                <category android:name="android.intent.category.DEFAULT" />
142-->[com.google.firebase:firebase-auth:21.1.0] AndroidManifest.xml:36:17-76
142-->[com.google.firebase:firebase-auth:21.1.0] AndroidManifest.xml:36:27-73
143                <category android:name="android.intent.category.BROWSABLE" />
143-->[com.google.firebase:firebase-auth:21.1.0] AndroidManifest.xml:37:17-78
143-->[com.google.firebase:firebase-auth:21.1.0] AndroidManifest.xml:37:27-75
144
145                <data
145-->[com.google.firebase:firebase-auth:21.1.0] AndroidManifest.xml:39:17-42:51
146                    android:host="firebase.auth"
146-->[com.google.firebase:firebase-auth:21.1.0] AndroidManifest.xml:40:21-49
147                    android:path="/"
147-->[com.google.firebase:firebase-auth:21.1.0] AndroidManifest.xml:41:21-37
148                    android:scheme="genericidp" />
148-->[com.google.firebase:firebase-auth:21.1.0] AndroidManifest.xml:42:21-48
149            </intent-filter>
150        </activity>
151        <activity
151-->[com.google.firebase:firebase-auth:21.1.0] AndroidManifest.xml:45:9-62:20
152            android:name="com.google.firebase.auth.internal.RecaptchaActivity"
152-->[com.google.firebase:firebase-auth:21.1.0] AndroidManifest.xml:46:13-79
153            android:excludeFromRecents="true"
153-->[com.google.firebase:firebase-auth:21.1.0] AndroidManifest.xml:47:13-46
154            android:exported="true"
154-->[com.google.firebase:firebase-auth:21.1.0] AndroidManifest.xml:48:13-36
155            android:launchMode="singleTask"
155-->[com.google.firebase:firebase-auth:21.1.0] AndroidManifest.xml:49:13-44
156            android:theme="@android:style/Theme.Translucent.NoTitleBar" >
156-->[com.google.firebase:firebase-auth:21.1.0] AndroidManifest.xml:50:13-72
157            <intent-filter>
157-->[com.google.firebase:firebase-auth:21.1.0] AndroidManifest.xml:51:13-61:29
158                <action android:name="android.intent.action.VIEW" />
158-->[com.google.firebase:firebase-auth:21.1.0] AndroidManifest.xml:34:17-69
158-->[com.google.firebase:firebase-auth:21.1.0] AndroidManifest.xml:34:25-66
159
160                <category android:name="android.intent.category.DEFAULT" />
160-->[com.google.firebase:firebase-auth:21.1.0] AndroidManifest.xml:36:17-76
160-->[com.google.firebase:firebase-auth:21.1.0] AndroidManifest.xml:36:27-73
161                <category android:name="android.intent.category.BROWSABLE" />
161-->[com.google.firebase:firebase-auth:21.1.0] AndroidManifest.xml:37:17-78
161-->[com.google.firebase:firebase-auth:21.1.0] AndroidManifest.xml:37:27-75
162
163                <data
163-->[com.google.firebase:firebase-auth:21.1.0] AndroidManifest.xml:39:17-42:51
164                    android:host="firebase.auth"
164-->[com.google.firebase:firebase-auth:21.1.0] AndroidManifest.xml:40:21-49
165                    android:path="/"
165-->[com.google.firebase:firebase-auth:21.1.0] AndroidManifest.xml:41:21-37
166                    android:scheme="recaptcha" />
166-->[com.google.firebase:firebase-auth:21.1.0] AndroidManifest.xml:42:21-48
167            </intent-filter>
168        </activity>
169
170        <provider
170-->[com.google.firebase:firebase-common:20.2.0] AndroidManifest.xml:25:9-30:39
171            android:name="com.google.firebase.provider.FirebaseInitProvider"
171-->[com.google.firebase:firebase-common:20.2.0] AndroidManifest.xml:26:13-77
172            android:authorities="com.example.instagram_clone.firebaseinitprovider"
172-->[com.google.firebase:firebase-common:20.2.0] AndroidManifest.xml:27:13-72
173            android:directBootAware="true"
173-->[com.google.firebase:firebase-common:20.2.0] AndroidManifest.xml:28:13-43
174            android:exported="false"
174-->[com.google.firebase:firebase-common:20.2.0] AndroidManifest.xml:29:13-37
175            android:initOrder="100" />
175-->[com.google.firebase:firebase-common:20.2.0] AndroidManifest.xml:30:13-36
176
177        <activity
177-->[com.google.android.gms:play-services-base:18.0.1] AndroidManifest.xml:20:9-22:45
178            android:name="com.google.android.gms.common.api.GoogleApiActivity"
178-->[com.google.android.gms:play-services-base:18.0.1] AndroidManifest.xml:20:19-85
179            android:exported="false"
179-->[com.google.android.gms:play-services-base:18.0.1] AndroidManifest.xml:22:19-43
180            android:theme="@android:style/Theme.Translucent.NoTitleBar" />
180-->[com.google.android.gms:play-services-base:18.0.1] AndroidManifest.xml:21:19-78
181
182        <meta-data
182-->[com.google.android.gms:play-services-basement:18.1.0] AndroidManifest.xml:21:9-23:69
183            android:name="com.google.android.gms.version"
183-->[com.google.android.gms:play-services-basement:18.1.0] AndroidManifest.xml:22:13-58
184            android:value="@integer/google_play_services_version" />
184-->[com.google.android.gms:play-services-basement:18.1.0] AndroidManifest.xml:23:13-66
185
186        <service
186-->[com.google.android.datatransport:transport-backend-cct:3.1.8] AndroidManifest.xml:28:9-34:19
187            android:name="com.google.android.datatransport.runtime.backends.TransportBackendDiscovery"
187-->[com.google.android.datatransport:transport-backend-cct:3.1.8] AndroidManifest.xml:29:13-103
188            android:exported="false" >
188-->[com.google.android.datatransport:transport-backend-cct:3.1.8] AndroidManifest.xml:30:13-37
189            <meta-data
189-->[com.google.android.datatransport:transport-backend-cct:3.1.8] AndroidManifest.xml:31:13-33:39
190                android:name="backend:com.google.android.datatransport.cct.CctBackendFactory"
190-->[com.google.android.datatransport:transport-backend-cct:3.1.8] AndroidManifest.xml:32:17-94
191                android:value="cct" />
191-->[com.google.android.datatransport:transport-backend-cct:3.1.8] AndroidManifest.xml:33:17-36
192        </service>
193        <service
193-->[com.google.android.datatransport:transport-runtime:3.1.8] AndroidManifest.xml:26:9-30:19
194            android:name="com.google.android.datatransport.runtime.scheduling.jobscheduling.JobInfoSchedulerService"
194-->[com.google.android.datatransport:transport-runtime:3.1.8] AndroidManifest.xml:27:13-117
195            android:exported="false"
195-->[com.google.android.datatransport:transport-runtime:3.1.8] AndroidManifest.xml:28:13-37
196            android:permission="android.permission.BIND_JOB_SERVICE" >
196-->[com.google.android.datatransport:transport-runtime:3.1.8] AndroidManifest.xml:29:13-69
197        </service>
198
199        <receiver
199-->[com.google.android.datatransport:transport-runtime:3.1.8] AndroidManifest.xml:32:9-34:40
200            android:name="com.google.android.datatransport.runtime.scheduling.jobscheduling.AlarmManagerSchedulerBroadcastReceiver"
200-->[com.google.android.datatransport:transport-runtime:3.1.8] AndroidManifest.xml:33:13-132
201            android:exported="false" />
201-->[com.google.android.datatransport:transport-runtime:3.1.8] AndroidManifest.xml:34:13-37
202    </application>
203
204</manifest>